<?xml version="1.0" encoding="UTF-8"?>
<testsuite xmlns:xsi="http://www.w3.org/2001/XMLSchema-instance" xsi:noNamespaceSchemaLocation="https://maven.apache.org/surefire/maven-surefire-plugin/xsd/surefire-test-report-3.0.xsd" version="3.0" name="bmicalc.BMICalcTest" time="0.096" tests="35" errors="0" skipped="0" failures="0">
  <properties>
    <property name="java.specification.version" value="17"/>
    <property name="sun.cpu.isalist" value="amd64"/>
    <property name="sun.jnu.encoding" value="Cp1252"/>
    <property name="java.class.path" value="C:\Users\SusanaRocíoFernández\Desktop\Ing_sw\bmicalc\target\test-classes;C:\Users\SusanaRocíoFernández\Desktop\Ing_sw\bmicalc\target\classes;C:\Users\SusanaRocíoFernández\.m2\repository\io\cucumber\cucumber-java\7.0.0\cucumber-java-7.0.0.jar;C:\Users\SusanaRocíoFernández\.m2\repository\io\cucumber\cucumber-core\7.0.0\cucumber-core-7.0.0.jar;C:\Users\SusanaRocíoFernández\.m2\repository\io\cucumber\cucumber-gherkin\7.0.0\cucumber-gherkin-7.0.0.jar;C:\Users\SusanaRocíoFernández\.m2\repository\io\cucumber\cucumber-gherkin-messages\7.0.0\cucumber-gherkin-messages-7.0.0.jar;C:\Users\SusanaRocíoFernández\.m2\repository\io\cucumber\messages\17.1.1\messages-17.1.1.jar;C:\Users\SusanaRocíoFernández\.m2\repository\io\cucumber\tag-expressions\4.0.2\tag-expressions-4.0.2.jar;C:\Users\SusanaRocíoFernández\.m2\repository\io\cucumber\cucumber-expressions\13.0.1\cucumber-expressions-13.0.1.jar;C:\Users\SusanaRocíoFernández\.m2\repository\io\cucumber\datatable\7.0.0\datatable-7.0.0.jar;C:\Users\SusanaRocíoFernández\.m2\repository\io\cucumber\cucumber-plugin\7.0.0\cucumber-plugin-7.0.0.jar;C:\Users\SusanaRocíoFernández\.m2\repository\io\cucumber\docstring\7.0.0\docstring-7.0.0.jar;C:\Users\SusanaRocíoFernández\.m2\repository\io\cucumber\html-formatter\17.0.0\html-formatter-17.0.0.jar;C:\Users\SusanaRocíoFernández\.m2\repository\io\cucumber\create-meta\6.0.1\create-meta-6.0.1.jar;C:\Users\SusanaRocíoFernández\.m2\repository\org\apiguardian\apiguardian-api\1.1.2\apiguardian-api-1.1.2.jar;C:\Users\SusanaRocíoFernández\.m2\repository\io\cucumber\cucumber-junit-platform-engine\7.0.0\cucumber-junit-platform-engine-7.0.0.jar;C:\Users\SusanaRocíoFernández\.m2\repository\org\junit\platform\junit-platform-engine\1.9.2\junit-platform-engine-1.9.2.jar;C:\Users\SusanaRocíoFernández\.m2\repository\org\opentest4j\opentest4j\1.2.0\opentest4j-1.2.0.jar;C:\Users\SusanaRocíoFernández\.m2\repository\org\junit\platform\junit-platform-commons\1.9.2\junit-platform-commons-1.9.2.jar;C:\Users\SusanaRocíoFernández\.m2\repository\org\junit\platform\junit-platform-suite\1.9.2\junit-platform-suite-1.9.2.jar;C:\Users\SusanaRocíoFernández\.m2\repository\org\junit\platform\junit-platform-suite-api\1.9.2\junit-platform-suite-api-1.9.2.jar;C:\Users\SusanaRocíoFernández\.m2\repository\org\junit\platform\junit-platform-suite-engine\1.9.2\junit-platform-suite-engine-1.9.2.jar;C:\Users\SusanaRocíoFernández\.m2\repository\org\junit\platform\junit-platform-suite-commons\1.9.2\junit-platform-suite-commons-1.9.2.jar;C:\Users\SusanaRocíoFernández\.m2\repository\org\junit\platform\junit-platform-launcher\1.9.2\junit-platform-launcher-1.9.2.jar;C:\Users\SusanaRocíoFernández\.m2\repository\org\junit\jupiter\junit-jupiter\5.9.2\junit-jupiter-5.9.2.jar;C:\Users\SusanaRocíoFernández\.m2\repository\org\junit\jupiter\junit-jupiter-api\5.9.2\junit-jupiter-api-5.9.2.jar;C:\Users\SusanaRocíoFernández\.m2\repository\org\junit\jupiter\junit-jupiter-params\5.9.2\junit-jupiter-params-5.9.2.jar;C:\Users\SusanaRocíoFernández\.m2\repository\org\junit\jupiter\junit-jupiter-engine\5.9.2\junit-jupiter-engine-5.9.2.jar;"/>
    <property name="java.vm.vendor" value="Eclipse Adoptium"/>
    <property name="sun.arch.data.model" value="64"/>
    <property name="user.variant" value=""/>
    <property name="java.vendor.url" value="https://adoptium.net/"/>
    <property name="user.timezone" value="Europe/Madrid"/>
    <property name="os.name" value="Windows 11"/>
    <property name="java.vm.specification.version" value="17"/>
    <property name="sun.java.launcher" value="SUN_STANDARD"/>
    <property name="user.country" value="ES"/>
    <property name="sun.boot.library.path" value="C:\Users\SusanaRocíoFernández\.p2\pool\plugins\org.eclipse.justj.openjdk.hotspot.jre.full.win32.x86_64_17.0.6.v20230204-1729\jre\bin"/>
    <property name="sun.java.command" value="C:\Users\SusanaRocíoFernández\AppData\Local\Temp\surefire13298734849212840510\surefirebooter-20230406152647546_3.jar C:\Users\SusanaRocíoFernández\AppData\Local\Temp\surefire13298734849212840510 2023-04-06T15-26-44_858-jvmRun1 surefire-20230406152647546_1tmp surefire_0-20230406152647546_2tmp"/>
    <property name="jdk.debug" value="release"/>
    <property name="surefire.test.class.path" value="C:\Users\SusanaRocíoFernández\Desktop\Ing_sw\bmicalc\target\test-classes;C:\Users\SusanaRocíoFernández\Desktop\Ing_sw\bmicalc\target\classes;C:\Users\SusanaRocíoFernández\.m2\repository\io\cucumber\cucumber-java\7.0.0\cucumber-java-7.0.0.jar;C:\Users\SusanaRocíoFernández\.m2\repository\io\cucumber\cucumber-core\7.0.0\cucumber-core-7.0.0.jar;C:\Users\SusanaRocíoFernández\.m2\repository\io\cucumber\cucumber-gherkin\7.0.0\cucumber-gherkin-7.0.0.jar;C:\Users\SusanaRocíoFernández\.m2\repository\io\cucumber\cucumber-gherkin-messages\7.0.0\cucumber-gherkin-messages-7.0.0.jar;C:\Users\SusanaRocíoFernández\.m2\repository\io\cucumber\messages\17.1.1\messages-17.1.1.jar;C:\Users\SusanaRocíoFernández\.m2\repository\io\cucumber\tag-expressions\4.0.2\tag-expressions-4.0.2.jar;C:\Users\SusanaRocíoFernández\.m2\repository\io\cucumber\cucumber-expressions\13.0.1\cucumber-expressions-13.0.1.jar;C:\Users\SusanaRocíoFernández\.m2\repository\io\cucumber\datatable\7.0.0\datatable-7.0.0.jar;C:\Users\SusanaRocíoFernández\.m2\repository\io\cucumber\cucumber-plugin\7.0.0\cucumber-plugin-7.0.0.jar;C:\Users\SusanaRocíoFernández\.m2\repository\io\cucumber\docstring\7.0.0\docstring-7.0.0.jar;C:\Users\SusanaRocíoFernández\.m2\repository\io\cucumber\html-formatter\17.0.0\html-formatter-17.0.0.jar;C:\Users\SusanaRocíoFernández\.m2\repository\io\cucumber\create-meta\6.0.1\create-meta-6.0.1.jar;C:\Users\SusanaRocíoFernández\.m2\repository\org\apiguardian\apiguardian-api\1.1.2\apiguardian-api-1.1.2.jar;C:\Users\SusanaRocíoFernández\.m2\repository\io\cucumber\cucumber-junit-platform-engine\7.0.0\cucumber-junit-platform-engine-7.0.0.jar;C:\Users\SusanaRocíoFernández\.m2\repository\org\junit\platform\junit-platform-engine\1.9.2\junit-platform-engine-1.9.2.jar;C:\Users\SusanaRocíoFernández\.m2\repository\org\opentest4j\opentest4j\1.2.0\opentest4j-1.2.0.jar;C:\Users\SusanaRocíoFernández\.m2\repository\org\junit\platform\junit-platform-commons\1.9.2\junit-platform-commons-1.9.2.jar;C:\Users\SusanaRocíoFernández\.m2\repository\org\junit\platform\junit-platform-suite\1.9.2\junit-platform-suite-1.9.2.jar;C:\Users\SusanaRocíoFernández\.m2\repository\org\junit\platform\junit-platform-suite-api\1.9.2\junit-platform-suite-api-1.9.2.jar;C:\Users\SusanaRocíoFernández\.m2\repository\org\junit\platform\junit-platform-suite-engine\1.9.2\junit-platform-suite-engine-1.9.2.jar;C:\Users\SusanaRocíoFernández\.m2\repository\org\junit\platform\junit-platform-suite-commons\1.9.2\junit-platform-suite-commons-1.9.2.jar;C:\Users\SusanaRocíoFernández\.m2\repository\org\junit\platform\junit-platform-launcher\1.9.2\junit-platform-launcher-1.9.2.jar;C:\Users\SusanaRocíoFernández\.m2\repository\org\junit\jupiter\junit-jupiter\5.9.2\junit-jupiter-5.9.2.jar;C:\Users\SusanaRocíoFernández\.m2\repository\org\junit\jupiter\junit-jupiter-api\5.9.2\junit-jupiter-api-5.9.2.jar;C:\Users\SusanaRocíoFernández\.m2\repository\org\junit\jupiter\junit-jupiter-params\5.9.2\junit-jupiter-params-5.9.2.jar;C:\Users\SusanaRocíoFernández\.m2\repository\org\junit\jupiter\junit-jupiter-engine\5.9.2\junit-jupiter-engine-5.9.2.jar;"/>
    <property name="sun.cpu.endian" value="little"/>
    <property name="user.home" value="C:\Users\SusanaRocíoFernández"/>
    <property name="user.language" value="es"/>
    <property name="java.specification.vendor" value="Oracle Corporation"/>
    <property name="java.version.date" value="2023-01-17"/>
    <property name="java.home" value="C:\Users\SusanaRocíoFernández\.p2\pool\plugins\org.eclipse.justj.openjdk.hotspot.jre.full.win32.x86_64_17.0.6.v20230204-1729\jre"/>
    <property name="file.separator" value="\"/>
    <property name="style.color" value="always"/>
    <property name="basedir" value="C:\Users\SusanaRocíoFernández\Desktop\Ing_sw\bmicalc"/>
    <property name="java.vm.compressedOopsMode" value="Zero based"/>
    <property name="line.separator" value="&#10;"/>
    <property name="java.vm.specification.vendor" value="Oracle Corporation"/>
    <property name="java.specification.name" value="Java Platform API Specification"/>
    <property name="surefire.real.class.path" value="C:\Users\SusanaRocíoFernández\AppData\Local\Temp\surefire13298734849212840510\surefirebooter-20230406152647546_3.jar"/>
    <property name="user.script" value=""/>
    <property name="sun.management.compiler" value="HotSpot 64-Bit Tiered Compilers"/>
    <property name="java.runtime.version" value="17.0.6+10"/>
    <property name="user.name" value="SusanaRocíoFernández"/>
    <property name="path.separator" value=";"/>
    <property name="os.version" value="10.0"/>
    <property name="java.runtime.name" value="OpenJDK Runtime Environment"/>
    <property name="file.encoding" value="Cp1252"/>
    <property name="java.vm.name" value="OpenJDK 64-Bit Server VM"/>
    <property name="java.vendor.version" value="Temurin-17.0.6+10"/>
    <property name="localRepository" value="C:\Users\SusanaRocíoFernández\.m2\repository"/>
    <property name="java.vendor.url.bug" value="https://github.com/adoptium/adoptium-support/issues"/>
    <property name="java.io.tmpdir" value="C:\Users\SUSANA~1\AppData\Local\Temp\"/>
    <property name="java.version" value="17.0.6"/>
    <property name="user.dir" value="C:\Users\SusanaRocíoFernández\Desktop\Ing_sw\bmicalc"/>
    <property name="os.arch" value="amd64"/>
    <property name="java.vm.specification.name" value="Java Virtual Machine Specification"/>
    <property name="sun.os.patch.level" value=""/>
    <property name="native.encoding" value="Cp1252"/>
    <property name="java.library.path" value="C:\Users\SusanaRocíoFernández\.p2\pool\plugins\org.eclipse.justj.openjdk.hotspot.jre.full.win32.x86_64_17.0.6.v20230204-1729\jre\bin;C:\Windows\Sun\Java\bin;C:\Windows\system32;C:\Windows;C:/Users/SusanaRocíoFernández/.p2/pool/plugins/org.eclipse.justj.openjdk.hotspot.jre.full.win32.x86_64_17.0.6.v20230204-1729/jre/bin/server;C:/Users/SusanaRocíoFernández/.p2/pool/plugins/org.eclipse.justj.openjdk.hotspot.jre.full.win32.x86_64_17.0.6.v20230204-1729/jre/bin;C:\Program Files (x86)\Common Files\Oracle\Java\javapath;C:\Windows\system32;C:\Windows;C:\Windows\System32\Wbem;C:\Windows\System32\WindowsPowerShell\v1.0\;C:\Windows\System32\OpenSSH\;C:\Program Files\Git\cmd;C:\Program Files\Docker\Docker\resources\bin;&quot;C:\Program Files\Java\jdk1.8.0_361\bin;&quot;;&quot;C:\Program Files\Java\bin;&quot;;C:\Program Files\apache-maven-3.9.1\bin;&quot;C:\Users\SusanaRocíoFernández\AppData\Local\Microsoft\WindowsApps;C:\Users\SusanaRocíoFernández\AppData\Local\Packages\PythonSoftwareFoundation.Python.3.11_qbz5n2kfra8p0\LocalCache\local-packages\Python311\Scripts&quot;;;C:\Windows\system32;;."/>
    <property name="java.vm.info" value="mixed mode"/>
    <property name="java.vendor" value="Eclipse Adoptium"/>
    <property name="java.vm.version" value="17.0.6+10"/>
    <property name="sun.io.unicode.encoding" value="UnicodeLittle"/>
    <property name="java.class.version" value="61.0"/>
  </properties>
  <testcase name="lowercaseMale" classname="bmicalc.BMICalcTest" time="0.026"/>
  <testcase name="normalLBoundCheck" classname="bmicalc.BMICalcTest" time="0.001"/>
  <testcase name="lowercaseFemale" classname="bmicalc.BMICalcTest" time="0.001"/>
  <testcase name="bmiZeroHeight" classname="bmicalc.BMICalcTest" time="0.009"/>
  <testcase name="boundaryF" classname="bmicalc.BMICalcTest" time="0"/>
  <testcase name="boundaryM" classname="bmicalc.BMICalcTest" time="0"/>
  <testcase name="underweightBoundCheck" classname="bmicalc.BMICalcTest" time="0.001"/>
  <testcase name="bmiZeroWeight" classname="bmicalc.BMICalcTest" time="0.001"/>
  <testcase name="abdObesityF" classname="bmicalc.BMICalcTest" time="0"/>
  <testcase name="abdObesityM" classname="bmicalc.BMICalcTest" time="0"/>
  <testcase name="normalUBoundCheck" classname="bmicalc.BMICalcTest" time="0"/>
  <testcase name="overweightLBoundCheck" classname="bmicalc.BMICalcTest" time="0.001"/>
  <testcase name="obeseBoundCheck" classname="bmicalc.BMICalcTest" time="0"/>
  <testcase name="normalCheck" classname="bmicalc.BMICalcTest" time="0.001"/>
  <testcase name="underweightCheck" classname="bmicalc.BMICalcTest" time="0"/>
  <testcase name="bmiNegativeHeight" classname="bmicalc.BMICalcTest" time="0.001"/>
  <testcase name="weightGreater" classname="bmicalc.BMICalcTest" time="0.002"/>
  <testcase name="heightGreater" classname="bmicalc.BMICalcTest" time="0.001"/>
  <testcase name="ZeroFemale" classname="bmicalc.BMICalcTest" time="0.001"/>
  <testcase name="noAbdObesityF" classname="bmicalc.BMICalcTest" time="0.001"/>
  <testcase name="noAbdObesityM" classname="bmicalc.BMICalcTest" time="0.001"/>
  <testcase name="negativeBmi" classname="bmicalc.BMICalcTest" time="0.001"/>
  <testcase name="bmiNegativeWeight" classname="bmicalc.BMICalcTest" time="0.001"/>
  <testcase name="overweightCheck" classname="bmicalc.BMICalcTest" time="0.001"/>
  <testcase name="negativeMale" classname="bmicalc.BMICalcTest" time="0.001"/>
  <testcase name="overweightUBoundCheck" classname="bmicalc.BMICalcTest" time="0"/>
  <testcase name="bmiBothCorrectBis" classname="bmicalc.BMICalcTest" time="0"/>
  <testcase name="ZeroMale" classname="bmicalc.BMICalcTest" time="0.001"/>
  <testcase name="invalidCharacter" classname="bmicalc.BMICalcTest" time="0"/>
  <testcase name="wcGreaterFemale" classname="bmicalc.BMICalcTest" time="0"/>
  <testcase name="OBESECheck" classname="bmicalc.BMICalcTest" time="0"/>
  <testcase name="ZeroBmi" classname="bmicalc.BMICalcTest" time="0.001"/>
  <testcase name="negativeFemale" classname="bmicalc.BMICalcTest" time="0"/>
  <testcase name="wcGreaterMale" classname="bmicalc.BMICalcTest" time="0"/>
  <testcase name="bmiBothCorrect" classname="bmicalc.BMICalcTest" time="0.001"/>
</testsuite>